<?xml version="1.0" encoding="UTF-8"?>
<!-- Generated by org.testng.reporters.JUnitXMLReporter -->
<testsuite hostname="Vivekreddy" ignored="0" name="Listeners" tests="1" failures="1" timestamp="25 Oct 2018 16:17:28 GMT" time="0.021" errors="0">
  <testcase name="asstertion" time="0.007" classname="udemy.testNG.listeners.AssertionExample">
    <failure type="java.lang.AssertionError" message="expected [true] but found [false]">
      <![CDATA[java.lang.AssertionError: expected [true] but found [false]
	at udemy.testNG.listeners.AssertionExample.asstertion(AssertionExample.java:11)
... Removed 29 stack frames]]>
    </failure>
  </testcase> <!-- asstertion -->
</testsuite> <!-- Listeners -->
