<?xml version="1.0" encoding="UTF-8"?>
<!-- Generated by org.testng.reporters.JUnitXMLReporter -->
<testsuite hostname="Vivekreddy" ignored="1" name="Testing Loans" tests="8" failures="0" timestamp="24 Oct 2018 00:29:52 GMT" time="0.14" errors="0">
  <testcase name="lendingTreeCarLoan" time="0.014" classname="udemy.testNG.loans.LendingTree"/>
  <testcase name="lendingTreePersonalLoan" time="0.004" classname="udemy.testNG.loans.LendingTree"/>
  <testcase name="day1afternoon" time="0.004" classname="udemy.testNG.days.Day1"/>
  <testcase name="day1moring" time="0.003" classname="udemy.testNG.days.Day1"/>
  <testcase name="day1night" time="0.004" classname="udemy.testNG.days.Day1"/>
  <testcase name="amexCarLoan" time="0.004" classname="udemy.testNG.loans.AmexLoans"/>
  <testcase name="amexHomeLoan" time="0.004" classname="udemy.testNG.loans.AmexLoans"/>
  <testcase name="amexPersonalLoan" time="0.004" classname="udemy.testNG.loans.AmexLoans"/>
  <testcase name="lendingTreeHomeLoan" time="0.0" classname="udemy.testNG.loans.LendingTree">
    <ignored/>
  </testcase> <!-- lendingTreeHomeLoan -->
</testsuite> <!-- Testing Loans -->
